2025-05-09 05:27:16.808 | INFO     | app.utils.logger:<module>:24 - * Logging initialized → pipeline.log
2025-05-09 05:27:30.482 | INFO     | __main__:<module>:18 - - Pipeline Launching...
2025-05-09 05:27:30.482 | INFO     | __main__:run_pipeline:33 - - Step 1: Scraping tt codes from IMDb...
2025-05-09 05:27:32.832 | INFO     | scrape_tt_codes:scrape_imdb_movie_codes:57 - Opening https://www.imdb.com/search/title/?title_type=feature&release_date=2025-02-13,2025-02-13&genres=romance
2025-05-09 05:27:41.571 | INFO     | scrape_tt_codes:scrape_imdb_movie_codes:78 - Scraping Page 1...
2025-05-09 05:27:41.715 | INFO     | scrape_tt_codes:scrape_imdb_movie_codes:90 - Saved 6 new tt_codes to CSV.
2025-05-09 05:27:46.739 | INFO     | scrape_tt_codes:scrape_imdb_movie_codes:105 - No more 'Show More' button detected.
2025-05-09 05:27:47.043 | INFO     | scrape_tt_codes:scrape_imdb_movie_codes:111 - Scraping completed successfully!
2025-05-09 05:27:47.057 | INFO     | __main__:run_pipeline:37 - - Step 2: Scraping movie metadata and synopsis...
2025-05-09 05:27:47.094 | INFO     | extract_movie_data:crawl_movies:456 - Reading movie IDs from TSV...
2025-05-09 05:27:47.143 | INFO     | extract_movie_data:get_movies_from_tsv:98 - Found 6 movies to process
2025-05-09 05:27:47.154 | INFO     | extract_movie_data:crawl_movies:464 - Found 6 movies to crawl
2025-05-09 05:27:47.154 | INFO     | extract_movie_data:extract_movie_data:146 - Fetching movie data from: https://www.imdb.com/title/tt35803698/
2025-05-09 05:27:47.154 | INFO     | extract_movie_data:extract_movie_data:146 - Fetching movie data from: https://www.imdb.com/title/tt32434379/
2025-05-09 05:27:47.154 | INFO     | extract_movie_data:extract_movie_data:146 - Fetching movie data from: https://www.imdb.com/title/tt31519456/
2025-05-09 05:27:54.993 | INFO     | extract_movie_data:extract_movie_data:146 - Fetching movie data from: https://www.imdb.com/title/tt20218618/
2025-05-09 05:27:54.993 | INFO     | extract_movie_data:crawl_movies:494 - Progress: 1/6 movies processed
2025-05-09 05:27:55.727 | INFO     | extract_movie_data:extract_movie_data:146 - Fetching movie data from: https://www.imdb.com/title/tt32809435/
2025-05-09 05:27:55.727 | INFO     | extract_movie_data:crawl_movies:494 - Progress: 2/6 movies processed
2025-05-09 05:27:56.470 | INFO     | extract_movie_data:extract_movie_data:146 - Fetching movie data from: https://www.imdb.com/title/tt35231159/
2025-05-09 05:27:56.470 | INFO     | extract_movie_data:crawl_movies:494 - Progress: 3/6 movies processed
2025-05-09 05:28:04.300 | INFO     | extract_movie_data:crawl_movies:494 - Progress: 4/6 movies processed
2025-05-09 05:28:05.337 | INFO     | extract_movie_data:crawl_movies:494 - Progress: 5/6 movies processed
2025-05-09 05:28:05.571 | INFO     | extract_movie_data:crawl_movies:494 - Progress: 6/6 movies processed
2025-05-09 05:28:05.576 | INFO     | extract_movie_data:crawl_movies:502 - Wrote final batch of 6 movies to CSV
2025-05-09 05:28:05.576 | INFO     | extract_movie_data:close_session:512 - Session closed.
2025-05-09 05:28:05.576 | INFO     | extract_movie_data:run_crawler:534 - Movie crawl complete.
2025-05-09 05:28:05.576 | INFO     | __main__:run_pipeline:44 - - Step 3: Cleaning synopsis data...
2025-05-09 05:28:05.620 | INFO     | clean_synopsis:clean_romance_synopsis:90 - - Cleaned synopsis saved to: imdb_data/romance_full_cleaned.csv
2025-05-09 05:28:05.620 | INFO     | clean_synopsis:clean_romance_synopsis:91 - - Rows removed: 0
2025-05-09 05:28:05.620 | INFO     | __main__:run_pipeline:51 - - Step 4: Splitting movie data into metadata and synopsis files...
2025-05-09 05:28:06.197 | INFO     | split_movie_data:split_movie_xlsx:64 - - Saved metadata to: imdb_data/romance_metadata.xlsx
2025-05-09 05:28:06.197 | INFO     | split_movie_data:split_movie_xlsx:65 - - Saved synopsis to: imdb_data/romance_synopsis.xlsx
2025-05-09 05:28:06.197 | INFO     | __main__:run_pipeline:55 - - Step 5: Uploading metadata Excel to Google Drive...
2025-05-09 05:28:08.059 | INFO     | drive_upload:upload_metadata_to_drive:56 - - Uploaded 'romance_metadata.xlsx' with file ID: 1kIMtk-iyJXcgTq4zm_1c97lIAfaNXq87
2025-05-09 05:28:08.059 | INFO     | __main__:run_pipeline:59 - - Step 6: Uploading metadata from Drive to BigQuery...
2025-05-09 05:28:08.843 | INFO     | bigquery_upload:upload_single_file_to_bigquery:77 - - Found file: romance_metadata.xlsx (ID: 1FOGFJBbmjRkTGnaeGFl0dcCHq0qR8Vtp)
2025-05-09 05:28:09.662 | INFO     | bigquery_upload:upload_single_file_to_bigquery:86 - - Download 100% complete.
2025-05-09 05:28:17.827 | INFO     | bigquery_upload:upload_single_file_to_bigquery:102 - - Removed 6 rows already in BigQuery.
2025-05-09 05:28:17.827 | INFO     | bigquery_upload:upload_single_file_to_bigquery:105 - - No new rows to upload.
2025-05-09 05:28:17.839 | INFO     | __main__:run_pipeline:67 - - Step 7: Chunking and embedding synopsis...
2025-05-09 05:28:21.662 | INFO     | chunk_and_embed:run_chunk_and_embed_pipeline:194 - - Embedding 2 chunks on GPU...
2025-05-09 05:28:22.627 | INFO     | chunk_and_embed:run_chunk_and_embed_pipeline:208 - - 2 documents saved to: romance_chunks_json
2025-05-09 05:28:22.675 | INFO     | chunk_and_embed:run_chunk_and_embed_pipeline:212 - - Archive created: romance_chunks_json.zip
2025-05-09 05:28:22.675 | INFO     | chunk_and_embed:run_chunk_and_embed_pipeline:194 - - Embedding 4 chunks on GPU...
2025-05-09 05:28:22.897 | INFO     | chunk_and_embed:run_chunk_and_embed_pipeline:208 - - 4 documents saved to: romance_chunks_json
2025-05-09 05:28:22.938 | INFO     | chunk_and_embed:run_chunk_and_embed_pipeline:212 - - Archive created: romance_chunks_json.zip
2025-05-09 05:28:22.938 | INFO     | chunk_and_embed:run_chunk_and_embed_pipeline:194 - - Embedding 11 chunks on GPU...
2025-05-09 05:28:24.075 | INFO     | chunk_and_embed:run_chunk_and_embed_pipeline:208 - - 11 documents saved to: romance_chunks_json
2025-05-09 05:28:24.256 | INFO     | chunk_and_embed:run_chunk_and_embed_pipeline:212 - - Archive created: romance_chunks_json.zip
2025-05-09 05:28:24.256 | INFO     | chunk_and_embed:run_chunk_and_embed_pipeline:194 - - Embedding 13 chunks on GPU...
2025-05-09 05:28:25.527 | INFO     | chunk_and_embed:run_chunk_and_embed_pipeline:208 - - 13 documents saved to: romance_chunks_json
2025-05-09 05:28:25.669 | INFO     | chunk_and_embed:run_chunk_and_embed_pipeline:212 - - Archive created: romance_chunks_json.zip
2025-05-09 05:28:25.669 | INFO     | chunk_and_embed:run_chunk_and_embed_pipeline:194 - - Embedding 16 chunks on GPU...
2025-05-09 05:28:27.113 | INFO     | chunk_and_embed:run_chunk_and_embed_pipeline:208 - - 16 documents saved to: romance_chunks_json
2025-05-09 05:28:27.326 | INFO     | chunk_and_embed:run_chunk_and_embed_pipeline:212 - - Archive created: romance_chunks_json.zip
2025-05-09 05:28:27.326 | INFO     | chunk_and_embed:run_chunk_and_embed_pipeline:194 - - Embedding 19 chunks on GPU...
2025-05-09 05:28:29.108 | INFO     | chunk_and_embed:run_chunk_and_embed_pipeline:208 - - 19 documents saved to: romance_chunks_json
2025-05-09 05:28:29.329 | INFO     | chunk_and_embed:run_chunk_and_embed_pipeline:212 - - Archive created: romance_chunks_json.zip
2025-05-09 05:28:29.333 | INFO     | __main__:run_pipeline:80 - - Moved ZIP to: ../etl/data/jsons/romance_chunks_json.zip
2025-05-09 05:28:29.334 | INFO     | __main__:run_pipeline:87 - 🧹 Removed file: romance_newbatch.tsv
2025-05-09 05:28:29.338 | INFO     | __main__:run_pipeline:92 - 🧹 Removed folder: imdb_data/
2025-05-09 05:28:29.343 | INFO     | __main__:run_pipeline:97 - 🧹 Removed folder: romance_chunks_json/
2025-05-09 05:28:29.344 | INFO     | __main__:run_pipeline:103 - - Pipeline execution complete!
2025-05-09 12:02:31.868 | INFO     | app.utils.logger:<module>:24 - * Logging initialized → pipeline.log
2025-05-09 12:02:43.780 | INFO     | __main__:<module>:18 - - Pipeline Launching...
2025-05-09 12:02:43.780 | INFO     | __main__:run_pipeline:33 - - Step 1: Scraping tt codes from IMDb...
2025-05-09 12:02:46.085 | INFO     | scrape_tt_codes:scrape_imdb_movie_codes:57 - Opening https://www.imdb.com/search/title/?title_type=feature&release_date=2025-02-13,2025-02-13&genres=romance
2025-05-09 12:02:55.755 | INFO     | scrape_tt_codes:scrape_imdb_movie_codes:78 - Scraping Page 1...
2025-05-09 12:02:55.956 | INFO     | scrape_tt_codes:scrape_imdb_movie_codes:90 - Saved 6 new tt_codes to CSV.
2025-05-09 12:03:00.972 | INFO     | scrape_tt_codes:scrape_imdb_movie_codes:105 - No more 'Show More' button detected.
2025-05-09 12:03:01.179 | INFO     | scrape_tt_codes:scrape_imdb_movie_codes:111 - Scraping completed successfully!
2025-05-09 12:03:01.195 | INFO     | __main__:run_pipeline:37 - - Step 2: Scraping movie metadata and synopsis...
2025-05-09 12:03:01.227 | INFO     | extract_movie_data:crawl_movies:456 - Reading movie IDs from TSV...
2025-05-09 12:03:01.251 | INFO     | extract_movie_data:get_movies_from_tsv:98 - Found 6 movies to process
2025-05-09 12:03:01.257 | INFO     | extract_movie_data:crawl_movies:464 - Found 6 movies to crawl
2025-05-09 12:03:01.258 | INFO     | extract_movie_data:extract_movie_data:146 - Fetching movie data from: https://www.imdb.com/title/tt35231159/
2025-05-09 12:03:01.261 | INFO     | extract_movie_data:extract_movie_data:146 - Fetching movie data from: https://www.imdb.com/title/tt32809435/
2025-05-09 12:03:01.262 | INFO     | extract_movie_data:extract_movie_data:146 - Fetching movie data from: https://www.imdb.com/title/tt31519456/
2025-05-09 12:03:11.261 | INFO     | extract_movie_data:extract_movie_data:146 - Fetching movie data from: https://www.imdb.com/title/tt32434379/
2025-05-09 12:03:11.262 | INFO     | extract_movie_data:crawl_movies:494 - Progress: 1/6 movies processed
2025-05-09 12:03:11.699 | INFO     | extract_movie_data:extract_movie_data:146 - Fetching movie data from: https://www.imdb.com/title/tt35803698/
2025-05-09 12:03:11.700 | INFO     | extract_movie_data:crawl_movies:494 - Progress: 2/6 movies processed
2025-05-09 12:03:12.610 | INFO     | extract_movie_data:extract_movie_data:146 - Fetching movie data from: https://www.imdb.com/title/tt20218618/
2025-05-09 12:03:12.612 | INFO     | extract_movie_data:crawl_movies:494 - Progress: 3/6 movies processed
2025-05-09 12:03:21.096 | INFO     | extract_movie_data:crawl_movies:494 - Progress: 4/6 movies processed
2025-05-09 12:03:21.294 | INFO     | extract_movie_data:crawl_movies:494 - Progress: 5/6 movies processed
2025-05-09 12:03:22.269 | INFO     | extract_movie_data:crawl_movies:494 - Progress: 6/6 movies processed
2025-05-09 12:03:22.274 | INFO     | extract_movie_data:crawl_movies:502 - Wrote final batch of 6 movies to CSV
2025-05-09 12:03:22.276 | INFO     | extract_movie_data:close_session:512 - Session closed.
2025-05-09 12:03:22.277 | INFO     | extract_movie_data:run_crawler:534 - Movie crawl complete.
2025-05-09 12:03:22.280 | INFO     | __main__:run_pipeline:44 - - Step 3: Cleaning synopsis data...
2025-05-09 12:03:22.297 | INFO     | clean_synopsis:clean_romance_synopsis:90 - - Cleaned synopsis saved to: imdb_data/romance_full_cleaned.csv
2025-05-09 12:03:22.297 | INFO     | clean_synopsis:clean_romance_synopsis:91 - - Rows removed: 0
2025-05-09 12:03:22.298 | INFO     | __main__:run_pipeline:51 - - Step 4: Splitting movie data into metadata and synopsis files...
2025-05-09 12:03:22.769 | INFO     | split_movie_data:split_movie_xlsx:64 - - Saved metadata to: imdb_data/romance_metadata.xlsx
2025-05-09 12:03:22.769 | INFO     | split_movie_data:split_movie_xlsx:65 - - Saved synopsis to: imdb_data/romance_synopsis.xlsx
2025-05-09 12:03:22.769 | INFO     | __main__:run_pipeline:55 - - Step 5: Uploading metadata Excel to Google Drive...
2025-05-09 12:03:25.217 | INFO     | drive_upload:upload_metadata_to_drive:56 - - Uploaded 'romance_metadata.xlsx' with file ID: 1Y_PbdCOhzgmCwgb0_ugJ0obtU5_oNRuL
2025-05-09 12:03:25.217 | INFO     | __main__:run_pipeline:59 - - Step 6: Uploading metadata from Drive to BigQuery...
2025-05-09 12:03:26.383 | INFO     | bigquery_upload:upload_single_file_to_bigquery:77 - - Found file: romance_metadata.xlsx (ID: 1Y_PbdCOhzgmCwgb0_ugJ0obtU5_oNRuL)
2025-05-09 12:03:27.473 | INFO     | bigquery_upload:upload_single_file_to_bigquery:86 - - Download 100% complete.
2025-05-09 12:03:36.917 | INFO     | bigquery_upload:upload_single_file_to_bigquery:102 - - Removed 6 rows already in BigQuery.
2025-05-09 12:03:36.917 | INFO     | bigquery_upload:upload_single_file_to_bigquery:105 - - No new rows to upload.
2025-05-09 12:03:36.933 | INFO     | __main__:run_pipeline:67 - - Step 7: Chunking and embedding synopsis...
2025-05-09 12:03:42.407 | INFO     | chunk_and_embed:run_chunk_and_embed_pipeline:194 - - Embedding 2 chunks on GPU...
2025-05-09 12:03:43.325 | INFO     | chunk_and_embed:run_chunk_and_embed_pipeline:208 - - 2 documents saved to: romance_chunks_json
2025-05-09 12:03:43.331 | INFO     | chunk_and_embed:run_chunk_and_embed_pipeline:212 - - Archive created: romance_chunks_json.zip
2025-05-09 12:03:43.332 | INFO     | chunk_and_embed:run_chunk_and_embed_pipeline:194 - - Embedding 9 chunks on GPU...
2025-05-09 12:03:44.598 | INFO     | chunk_and_embed:run_chunk_and_embed_pipeline:208 - - 9 documents saved to: romance_chunks_json
2025-05-09 12:03:44.612 | INFO     | chunk_and_embed:run_chunk_and_embed_pipeline:212 - - Archive created: romance_chunks_json.zip
2025-05-09 12:03:44.613 | INFO     | chunk_and_embed:run_chunk_and_embed_pipeline:194 - - Embedding 12 chunks on GPU...
2025-05-09 12:03:46.091 | INFO     | chunk_and_embed:run_chunk_and_embed_pipeline:208 - - 12 documents saved to: romance_chunks_json
2025-05-09 12:03:46.111 | INFO     | chunk_and_embed:run_chunk_and_embed_pipeline:212 - - Archive created: romance_chunks_json.zip
2025-05-09 12:03:46.111 | INFO     | chunk_and_embed:run_chunk_and_embed_pipeline:194 - - Embedding 14 chunks on GPU...
2025-05-09 12:03:47.607 | INFO     | chunk_and_embed:run_chunk_and_embed_pipeline:208 - - 14 documents saved to: romance_chunks_json
2025-05-09 12:03:47.627 | INFO     | chunk_and_embed:run_chunk_and_embed_pipeline:212 - - Archive created: romance_chunks_json.zip
2025-05-09 12:03:47.628 | INFO     | chunk_and_embed:run_chunk_and_embed_pipeline:194 - - Embedding 16 chunks on GPU...
2025-05-09 12:03:49.793 | INFO     | chunk_and_embed:run_chunk_and_embed_pipeline:208 - - 16 documents saved to: romance_chunks_json
2025-05-09 12:03:49.814 | INFO     | chunk_and_embed:run_chunk_and_embed_pipeline:212 - - Archive created: romance_chunks_json.zip
2025-05-09 12:03:49.814 | INFO     | chunk_and_embed:run_chunk_and_embed_pipeline:194 - - Embedding 19 chunks on GPU...
2025-05-09 12:03:53.224 | INFO     | chunk_and_embed:run_chunk_and_embed_pipeline:208 - - 19 documents saved to: romance_chunks_json
2025-05-09 12:03:53.252 | INFO     | chunk_and_embed:run_chunk_and_embed_pipeline:212 - - Archive created: romance_chunks_json.zip
2025-05-09 12:03:53.261 | INFO     | __main__:run_pipeline:80 - - Moved ZIP to: ../etl/data/jsons/romance_chunks_json.zip
2025-05-09 12:03:53.261 | INFO     | __main__:run_pipeline:87 - - Removed file: romance_newbatch.tsv
2025-05-09 12:03:53.265 | INFO     | __main__:run_pipeline:92 - - Removed folder: imdb_data/
2025-05-09 12:03:53.272 | INFO     | __main__:run_pipeline:97 - - Removed folder: romance_chunks_json/
2025-05-09 12:03:53.273 | INFO     | __main__:run_pipeline:103 - - Pipeline execution complete!
